<?xml version="1.0" encoding="UTF-8"?>
<!-- Generated by org.testng.reporters.JUnitReportReporter -->
<testsuite hostname="DESKTOP-C0E6U46" failures="0" tests="1" name="com.mavenproject.com.mavenproject.AppTest" time="0.161" errors="0" timestamp="2023-02-08T00:08:52 IST" skipped="0">
  <testcase classname="com.mavenproject.com.mavenproject.AppTest" name="shouldAnswerWithTrue" time="0.161"/>
  <system-out/>
</testsuite> <!-- com.mavenproject.com.mavenproject.AppTest -->
